MYPY ERROR MEASUREMENT - SUPPRESSED CODES AND FLAGS
====================================================
Generated: 2026-02-16 00:30 UTC

### SUPPRESSED ERROR CODES

## attr-defined

**Total Errors:** 100

**Sample Errors (first 3):**
```
lilya/cli/decorator.py:30: error: "Callable[..., Any]" has no attribute "__is_custom_directive__"  [attr-defined]
lilya/cli/decorator.py:31: error: "Callable[..., Any]" has no attribute "__display_in_cli__"  [attr-defined]
lilya/permissions/base.py:42: error: "P.args" has no attribute "__iter__" (not iterable)  [attr-defined]
```

## has-type

**Total Errors:** 7

**Sample Errors (first 3):**
```
lilya/responses.py:134: error: Cannot determine type of "body"  [has-type]
lilya/responses.py:140: error: Cannot determine type of "body"  [has-type]
lilya/responses.py:150: error: Cannot determine type of "body"  [has-type]
```

## override

**Total Errors:** 19

**Sample Errors (first 3):**
```
lilya/enums.py:21: error: Return type "int" of "__repr__" incompatible with return type "str" in supertype "builtins.object"  [override]
lilya/datastructures.py:234: error: Return type "Generator[tuple[bytes, bytes], None, None]" of "__iter__" incompatible with return type "Iterator[str]" in supertype "multidict._multidict_py.MultiDict"  [override]
lilya/datastructures.py:234: error: Return type "Generator[tuple[bytes, bytes], None, None]" of "__iter__" incompatible with return type "Iterator[str]" in supertype "typing.Iterable"  [override]
```

## misc

**Total Errors:** 19

**Sample Errors (first 3):**
```
lilya/contrib/security/param_functions.py:10: error: Cannot inherit from final class "FieldInfo"  [misc]
lilya/contrib/openapi/params.py:6: error: Cannot inherit from final class "FieldInfo"  [misc]
lilya/contrib/openapi/params.py:65: error: Cannot inherit from final class "FieldInfo"  [misc]
```

## safe-super

**Total Errors:** 11

**Sample Errors (first 3):**
```
lilya/contrib/schedulers/base.py:8: error: Call to abstract method "__init__" of "SchedulerProtocol" with trivial body via super() is unsafe  [safe-super]
lilya/middleware/asyncexit.py:18: error: Call to abstract method "__init__" of "MiddlewareProtocol" with trivial body via super() is unsafe  [safe-super]
lilya/middleware/app_settings.py:13: error: Call to abstract method "__init__" of "MiddlewareProtocol" with trivial body via super() is unsafe  [safe-super]
```

## import-untyped

**Total Errors:** 3

**Sample Errors (first 3):**
```
lilya/environments.py:19: error: Library stubs not installed for "yaml"  [import-untyped]
lilya/responses.py:47: error: Library stubs not installed for "yaml"  [import-untyped]
lilya/responses.py:52: error: Skipping analyzing "msgpack": module is installed, but missing library stubs or py.typed marker  [import-untyped]
```

### WEAKENED BOOLEAN FLAGS

## strict_optional

**Total Errors:** 135

**Sample Errors (first 3):**
```
lilya/_internal/_helpers.py:73: error: Incompatible return value type (got "str | None", expected "str")  [return-value]
lilya/middleware/asyncexit.py:23: error: Function "AsyncExitStack" could always be true in boolean context  [truthy-function]
lilya/middleware/asyncexit.py:24: error: Statement is unreachable  [unreachable]
```

## no_implicit_optional

**Total Errors:** 1

**Sample Errors (first 3):**
```
lilya/responses.py:118: error: Unused "type: ignore" comment  [unused-ignore]
```

## strict_equality

**Total Errors:** 6

**Sample Errors (first 3):**
```
lilya/contrib/multipart/form.py:213: error: Non-overlapping equality check (left operand type: "bytes", right operand type: "Literal['multipart/form-data']")  [comparison-overlap]
lilya/contrib/multipart/form.py:219: error: Non-overlapping container check (element type: "bytes", container item type: "str")  [comparison-overlap]
lilya/contrib/multipart/form.py:236: error: Non-overlapping equality check (left operand type: "bytes", right operand type: "Literal['multipart/form-data']")  [comparison-overlap]
```

### SUMMARY

| Code/Flag | Error Count |
|-----------|-------------|
| attr-defined | 100 |
| has-type | 7 |
| override | 19 |
| misc | 19 |
| safe-super | 11 |
| import-untyped | 3 |
| strict_optional | 135 |
| no_implicit_optional | 1 |
| strict_equality | 6 |

**Total Errors Across All Checks:** 301